Mon Jan 08 2018 23:33:10 GMT-0600 (CST): GET /about
Mon Jan 08 2018 23:33:51 GMT-0600 (CST): GET /about
Mon Jan 08 2018 23:33:58 GMT-0600 (CST): GET /
Mon Jan 08 2018 23:34:11 GMT-0600 (CST): GET /
Tue Jan 09 2018 18:34:29 GMT-0600 (CST): GET /
Tue Jan 09 2018 18:34:34 GMT-0600 (CST): GET /about
Tue Jan 09 2018 18:34:36 GMT-0600 (CST): GET /
Tue Jan 09 2018 18:44:30 GMT-0600 (CST): GET /
Tue Jan 09 2018 18:44:44 GMT-0600 (CST): GET /about
Tue Jan 09 2018 18:46:19 GMT-0600 (CST): GET /about
Tue Jan 09 2018 18:46:24 GMT-0600 (CST): GET /home
Tue Jan 09 2018 18:46:52 GMT-0600 (CST): GET /
Tue Jan 09 2018 18:46:54 GMT-0600 (CST): GET /about
Tue Jan 09 2018 18:46:58 GMT-0600 (CST): GET /bad
Tue Jan 09 2018 18:48:08 GMT-0600 (CST): GET /bad
Tue Jan 09 2018 18:48:10 GMT-0600 (CST): GET /
Tue Jan 09 2018 18:48:13 GMT-0600 (CST): GET /help.html
Tue Jan 09 2018 18:48:23 GMT-0600 (CST): GET /help.html
Tue Jan 09 2018 18:48:27 GMT-0600 (CST): GET /
Tue Jan 09 2018 18:48:31 GMT-0600 (CST): GET /about
